<?xml version="1.0" encoding="UTF-8"?>
<!-- Generated by org.testng.reporters.JUnitXMLReporter -->
<testsuite hostname="LAPTOP-H8JF567B" ignored="0" name="Test" tests="10" failures="0" timestamp="2020-09-02T15:57:28 IST" time="14.228" errors="0">
  <testcase name="manipulateHeaders" time="4.008" classname="com.niraj.TestRequestHeaders"/>
  <testcase name="printAllHeaders" time="1.603" classname="com.niraj.TestAllHeaders"/>
  <testcase name="responseUsingCapital" time="0.951" classname="com.niraj.TestCountriesInformation"/>
  <testcase name="responseUsingCurrency" time="0.972" classname="com.niraj.TestCountriesInformation"/>
  <testcase name="responseUsingFullName" time="0.981" classname="com.niraj.TestCountriesInformation"/>
  <testcase name="responseUsingLanguage" time="1.647" classname="com.niraj.TestCountriesInformation"/>
  <testcase name="responseUsingListOfCodes" time="0.94" classname="com.niraj.TestCountriesInformation"/>
  <testcase name="Method1" time="0.929" classname="com.niraj.TestResponseCodes"/>
  <testcase name="Method2" time="1.006" classname="com.niraj.TestResponseCodes"/>
  <testcase name="extractCountryname" time="1.13" classname="com.niraj.TestCountryName"/>
</testsuite> <!-- Test -->
