<?xml version="1.0" encoding="UTF-8"?>
<testsuite xmlns:xsi="http://www.w3.org/2001/XMLSchema-instance" xsi:noNamespaceSchemaLocation="https://maven.apache.org/surefire/maven-surefire-plugin/xsd/surefire-test-report.xsd" name="TestSuite" time="15.216" tests="10" errors="0" skipped="0" failures="0">
  <properties>
[...]
</properties>
  <testcase name="manipulateHeaders" classname="com.niraj.TestRequestHeaders" time="3.884"/>
  <testcase name="printAllHeaders" classname="com.niraj.TestAllHeaders" time="1.612"/>
  <testcase name="responseUsingCapital" classname="com.niraj.TestCountriesInformation" time="0.945"/>
  <testcase name="responseUsingCurrency" classname="com.niraj.TestCountriesInformation" time="0.971"/>
  <testcase name="responseUsingFullName" classname="com.niraj.TestCountriesInformation" time="0.978"/>
  <testcase name="responseUsingLanguage" classname="com.niraj.TestCountriesInformation" time="1.644"/>
  <testcase name="responseUsingListOfCodes" classname="com.niraj.TestCountriesInformation" time="0.941"/>
  <testcase name="Method1" classname="com.niraj.TestResponseCodes" time="0.931"/>
  <testcase name="Method2" classname="com.niraj.TestResponseCodes" time="1.008"/>
  <testcase name="extractCountryname" classname="com.niraj.TestCountryName" time="1.12"/>
</testsuite>